Copyright 1986-2018 Xilinx, Inc. All Rights Reserved.
------------------------------------------------------------------------------------
| Tool Version : Vivado v.2018.2 (win64) Build 2258646 Thu Jun 14 20:03:12 MDT 2018
| Date         : Thu Jul 12 02:21:34 2018
| Host         : ASUS-K556URK running 64-bit major release  (build 9200)
| Command      : upgrade_ip
| Device       : xc7z020clg484-1
------------------------------------------------------------------------------------

Upgrade Log for IP 'design_geral_scheduler_0_0'

1. Summary
----------

SUCCESS in the upgrade of design_geral_scheduler_0_0 (xilinx.com:user:scheduler:1.0) from (Rev. 39) to (Rev. 40)






Copyright 1986-2018 Xilinx, Inc. All Rights Reserved.
------------------------------------------------------------------------------------
| Tool Version : Vivado v.2018.2 (win64) Build 2258646 Thu Jun 14 20:03:12 MDT 2018
| Date         : Thu Jul 12 00:35:34 2018
| Host         : ASUS-K556URK running 64-bit major release  (build 9200)
| Command      : upgrade_ip
| Device       : xc7z020clg484-1
------------------------------------------------------------------------------------

Upgrade Log for IP 'design_geral_scheduler_0_0'

1. Summary
----------

SUCCESS in the upgrade of design_geral_scheduler_0_0 (xilinx.com:user:scheduler:1.0) from (Rev. 38) to (Rev. 39)






Copyright 1986-2018 Xilinx, Inc. All Rights Reserved.
------------------------------------------------------------------------------------
| Tool Version : Vivado v.2018.2 (win64) Build 2258646 Thu Jun 14 20:03:12 MDT 2018
| Date         : Wed Jul 11 00:32:50 2018
| Host         : ASUS-K556URK running 64-bit major release  (build 9200)
| Command      : upgrade_ip
| Device       : xc7z020clg484-1
------------------------------------------------------------------------------------

Upgrade Log for IP 'design_geral_scheduler_0_0'

1. Summary
----------

SUCCESS in the upgrade of design_geral_scheduler_0_0 (xilinx.com:user:scheduler:1.0) from (Rev. 37) to (Rev. 38)






Copyright 1986-2018 Xilinx, Inc. All Rights Reserved.
------------------------------------------------------------------------------------
| Tool Version : Vivado v.2018.2 (win64) Build 2258646 Thu Jun 14 20:03:12 MDT 2018
| Date         : Tue Jul 10 23:40:10 2018
| Host         : ASUS-K556URK running 64-bit major release  (build 9200)
| Command      : upgrade_ip
| Device       : xc7z020clg484-1
------------------------------------------------------------------------------------

Upgrade Log for IP 'design_geral_scheduler_0_0'

1. Summary
----------

SUCCESS in the upgrade of design_geral_scheduler_0_0 (xilinx.com:user:scheduler:1.0) from (Rev. 36) to (Rev. 37)






Copyright 1986-2018 Xilinx, Inc. All Rights Reserved.
------------------------------------------------------------------------------------
| Tool Version : Vivado v.2018.2 (win64) Build 2258646 Thu Jun 14 20:03:12 MDT 2018
| Date         : Tue Jul 10 22:59:13 2018
| Host         : ASUS-K556URK running 64-bit major release  (build 9200)
| Command      : upgrade_ip
| Device       : xc7z020clg484-1
------------------------------------------------------------------------------------

Upgrade Log for IP 'design_geral_scheduler_0_0'

1. Summary
----------

SUCCESS in the upgrade of design_geral_scheduler_0_0 (xilinx.com:user:scheduler:1.0) from (Rev. 35) to (Rev. 36)






Copyright 1986-2018 Xilinx, Inc. All Rights Reserved.
------------------------------------------------------------------------------------
| Tool Version : Vivado v.2018.2 (win64) Build 2258646 Thu Jun 14 20:03:12 MDT 2018
| Date         : Tue Jul 10 22:48:31 2018
| Host         : ASUS-K556URK running 64-bit major release  (build 9200)
| Command      : upgrade_ip
| Device       : xc7z020clg484-1
------------------------------------------------------------------------------------

Upgrade Log for IP 'design_geral_scheduler_0_0'

1. Summary
----------

SUCCESS in the upgrade of design_geral_scheduler_0_0 (xilinx.com:user:scheduler:1.0) from (Rev. 34) to (Rev. 35)






Copyright 1986-2018 Xilinx, Inc. All Rights Reserved.
------------------------------------------------------------------------------------
| Tool Version : Vivado v.2018.2 (win64) Build 2258646 Thu Jun 14 20:03:12 MDT 2018
| Date         : Tue Jul 10 22:10:02 2018
| Host         : ASUS-K556URK running 64-bit major release  (build 9200)
| Command      : upgrade_ip
| Device       : xc7z020clg484-1
------------------------------------------------------------------------------------

Upgrade Log for IP 'design_geral_scheduler_0_0'

1. Summary
----------

SUCCESS in the upgrade of design_geral_scheduler_0_0 (xilinx.com:user:scheduler:1.0) from (Rev. 33) to (Rev. 34)






Copyright 1986-2018 Xilinx, Inc. All Rights Reserved.
------------------------------------------------------------------------------------
| Tool Version : Vivado v.2018.2 (win64) Build 2258646 Thu Jun 14 20:03:12 MDT 2018
| Date         : Tue Jul 10 18:50:05 2018
| Host         : ASUS-K556URK running 64-bit major release  (build 9200)
| Command      : upgrade_ip
| Device       : xc7z020clg484-1
------------------------------------------------------------------------------------

Upgrade Log for IP 'design_geral_scheduler_0_0'

1. Summary
----------

SUCCESS in the upgrade of design_geral_scheduler_0_0 (xilinx.com:user:scheduler:1.0) from (Rev. 32) to (Rev. 33)






Copyright 1986-2018 Xilinx, Inc. All Rights Reserved.
------------------------------------------------------------------------------------
| Tool Version : Vivado v.2018.2 (win64) Build 2258646 Thu Jun 14 20:03:12 MDT 2018
| Date         : Tue Jul 10 18:11:36 2018
| Host         : ASUS-K556URK running 64-bit major release  (build 9200)
| Command      : upgrade_ip
| Device       : xc7z020clg484-1
------------------------------------------------------------------------------------

Upgrade Log for IP 'design_geral_scheduler_0_0'

1. Summary
----------

SUCCESS in the upgrade of design_geral_scheduler_0_0 (xilinx.com:user:scheduler:1.0) from (Rev. 31) to (Rev. 32)






Copyright 1986-2018 Xilinx, Inc. All Rights Reserved.
------------------------------------------------------------------------------------
| Tool Version : Vivado v.2018.2 (win64) Build 2258646 Thu Jun 14 20:03:12 MDT 2018
| Date         : Tue Jul 10 17:46:54 2018
| Host         : ASUS-K556URK running 64-bit major release  (build 9200)
| Command      : upgrade_ip
| Device       : xc7z020clg484-1
------------------------------------------------------------------------------------

Upgrade Log for IP 'design_geral_scheduler_0_0'

1. Summary
----------

SUCCESS in the upgrade of design_geral_scheduler_0_0 (xilinx.com:user:scheduler:1.0) from (Rev. 32) to (Rev. 31)

