
*** Running vivado
    with args -log design_geral_xlconstant_2_0.vds -m64 -product Vivado -mode batch -messageDb vivado.pb -notrace -source design_geral_xlconstant_2_0.tcl


****** Vivado v2018.2 (64-bit)
  **** SW Build 2258646 on Thu Jun 14 20:03:12 MDT 2018
  **** IP Build 2256618 on Thu Jun 14 22:10:49 MDT 2018
    ** Copyright 1986-2018 Xilinx, Inc. All Rights Reserved.

source design_geral_xlconstant_2_0.tcl -notrace
Command: synth_design -top design_geral_xlconstant_2_0 -part xc7z020clg484-1 -mode out_of_context
Starting synth_design
Attempting to get a license for feature 'Synthesis' and/or device 'xc7z020'
INFO: [Common 17-349] Got license for feature 'Synthesis' and/or device 'xc7z020'
INFO: Launching helper process for spawning children vivado processes
INFO: Helper process launched with PID 14208 
---------------------------------------------------------------------------------
Starting RTL Elaboration : Time (s): cpu = 00:00:04 ; elapsed = 00:00:06 . Memory (MB): peak = 366.988 ; gain = 99.969
---------------------------------------------------------------------------------
INFO: [Synth 8-6157] synthesizing module 'design_geral_xlconstant_2_0' [c:/Users/sergiopereira/Vivado_projects/RTOS_codesign/projects/project_srtos/project_srtos.srcs/sources_1/bd/design_geral/ip/design_geral_xlconstant_2_0/synth/design_geral_xlconstant_2_0.v:57]
INFO: [Synth 8-6157] synthesizing module 'xlconstant_v1_1_5_xlconstant' [c:/Users/sergiopereira/Vivado_projects/RTOS_codesign/projects/project_srtos/project_srtos.srcs/sources_1/bd/design_geral/ipshared/f1c3/hdl/xlconstant_v1_1_vl_rfs.v:23]
	Parameter CONST_VAL bound to: 0 - type: integer 
	Parameter CONST_WIDTH bound to: 32 - type: integer 
INFO: [Synth 8-6155] done synthesizing module 'xlconstant_v1_1_5_xlconstant' (1#1) [c:/Users/sergiopereira/Vivado_projects/RTOS_codesign/projects/project_srtos/project_srtos.srcs/sources_1/bd/design_geral/ipshared/f1c3/hdl/xlconstant_v1_1_vl_rfs.v:23]
INFO: [Synth 8-6155] done synthesizing module 'design_geral_xlconstant_2_0' (2#1) [c:/Users/sergiopereira/Vivado_projects/RTOS_codesign/projects/project_srtos/project_srtos.srcs/sources_1/bd/design_geral/ip/design_geral_xlconstant_2_0/synth/design_geral_xlconstant_2_0.v:57]
---------------------------------------------------------------------------------
Finished RTL Elaboration : Time (s): cpu = 00:00:06 ; elapsed = 00:00:07 . Memory (MB): peak = 422.129 ; gain = 155.109
---------------------------------------------------------------------------------

Report Check Netlist: 
+------+------------------+-------+---------+-------+------------------+
|      |Item              |Errors |Warnings |Status |Description       |
+------+------------------+-------+---------+-------+------------------+
|1     |multi_driven_nets |      0|        0|Passed |Multi driven nets |
+------+------------------+-------+---------+-------+------------------+
---------------------------------------------------------------------------------
Start Handling Custom Attributes
---------------------------------------------------------------------------------
---------------------------------------------------------------------------------
Finished Handling Custom Attributes : Time (s): cpu = 00:00:06 ; elapsed = 00:00:08 . Memory (MB): peak = 422.129 ; gain = 155.109
---------------------------------------------------------------------------------
---------------------------------------------------------------------------------
Finished RTL Optimization Phase 1 : Time (s): cpu = 00:00:06 ; elapsed = 00:00:08 . Memory (MB): peak = 422.129 ; gain = 155.109
---------------------------------------------------------------------------------
INFO: [Device 21-403] Loading part xc7z020clg484-1
INFO: [Project 1-570] Preparing netlist for logic optimization

Processing XDC Constraints
Initializing timing engine
Completed Processing XDC Constraints

INFO: [Project 1-111] Unisim Transformation Summary:
No Unisim elements were transformed.

WARNING: [Constraints 18-5210] No constraint will be written out.
Constraint Validation Runtime : Time (s): cpu = 00:00:00 ; elapsed = 00:00:00.105 . Memory (MB): peak = 677.383 ; gain = 1.504
---------------------------------------------------------------------------------
Finished Constraint Validation : Time (s): cpu = 00:00:21 ; elapsed = 00:00:30 . Memory (MB): peak = 677.383 ; gain = 410.363
---------------------------------------------------------------------------------
---------------------------------------------------------------------------------
Start Loading Part and Timing Information
---------------------------------------------------------------------------------
Loading part: xc7z020clg484-1
---------------------------------------------------------------------------------
Finished Loading Part and Timing Information : Time (s): cpu = 00:00:21 ; elapsed = 00:00:30 . Memory (MB): peak = 677.383 ; gain = 410.363
---------------------------------------------------------------------------------
---------------------------------------------------------------------------------
Start Applying 'set_property' XDC Constraints
---------------------------------------------------------------------------------
---------------------------------------------------------------------------------
Finished applying 'set_property' XDC Constraints : Time (s): cpu = 00:00:21 ; elapsed = 00:00:30 . Memory (MB): peak = 677.383 ; gain = 410.363
---------------------------------------------------------------------------------
---------------------------------------------------------------------------------
Finished RTL Optimization Phase 2 : Time (s): cpu = 00:00:21 ; elapsed = 00:00:31 . Memory (MB): peak = 677.383 ; gain = 410.363
---------------------------------------------------------------------------------

Report RTL Partitions: 
+-+--------------+------------+----------+
| |RTL Partition |Replication |Instances |
+-+--------------+------------+----------+
+-+--------------+------------+----------+
---------------------------------------------------------------------------------
Start RTL Component Statistics 
---------------------------------------------------------------------------------
Detailed RTL Component Info : 
---------------------------------------------------------------------------------
Finished RTL Component Statistics 
---------------------------------------------------------------------------------
---------------------------------------------------------------------------------
Start RTL Hierarchical Component Statistics 
---------------------------------------------------------------------------------
Hierarchical RTL Component report 
---------------------------------------------------------------------------------
Finished RTL Hierarchical Component Statistics
---------------------------------------------------------------------------------
---------------------------------------------------------------------------------
Start Part Resource Summary
---------------------------------------------------------------------------------
Part Resources:
DSPs: 220 (col length:60)
BRAMs: 280 (col length: RAMB18 60 RAMB36 30)
---------------------------------------------------------------------------------
Finished Part Resource Summary
---------------------------------------------------------------------------------
---------------------------------------------------------------------------------
Start Cross Boundary and Area Optimization
---------------------------------------------------------------------------------
Warning: Parallel synthesis criteria is not met 
WARNING: [Synth 8-3330] design design_geral_xlconstant_2_0 has an empty top module
INFO: [Synth 8-3917] design design_geral_xlconstant_2_0 has port dout[31] driven by constant 0
INFO: [Synth 8-3917] design design_geral_xlconstant_2_0 has port dout[30] driven by constant 0
INFO: [Synth 8-3917] design design_geral_xlconstant_2_0 has port dout[29] driven by constant 0
INFO: [Synth 8-3917] design design_geral_xlconstant_2_0 has port dout[28] driven by constant 0
INFO: [Synth 8-3917] design design_geral_xlconstant_2_0 has port dout[27] driven by constant 0
INFO: [Synth 8-3917] design design_geral_xlconstant_2_0 has port dout[26] driven by constant 0
INFO: [Synth 8-3917] design design_geral_xlconstant_2_0 has port dout[25] driven by constant 0
INFO: [Synth 8-3917] design design_geral_xlconstant_2_0 has port dout[24] driven by constant 0
INFO: [Synth 8-3917] design design_geral_xlconstant_2_0 has port dout[23] driven by constant 0
INFO: [Synth 8-3917] design design_geral_xlconstant_2_0 has port dout[22] driven by constant 0
INFO: [Synth 8-3917] design design_geral_xlconstant_2_0 has port dout[21] driven by constant 0
INFO: [Synth 8-3917] design design_geral_xlconstant_2_0 has port dout[20] driven by constant 0
INFO: [Synth 8-3917] design design_geral_xlconstant_2_0 has port dout[19] driven by constant 0
INFO: [Synth 8-3917] design design_geral_xlconstant_2_0 has port dout[18] driven by constant 0
INFO: [Synth 8-3917] design design_geral_xlconstant_2_0 has port dout[17] driven by constant 0
INFO: [Synth 8-3917] design design_geral_xlconstant_2_0 has port dout[16] driven by constant 0
INFO: [Synth 8-3917] design design_geral_xlconstant_2_0 has port dout[15] driven by constant 0
INFO: [Synth 8-3917] design design_geral_xlconstant_2_0 has port dout[14] driven by constant 0
INFO: [Synth 8-3917] design design_geral_xlconstant_2_0 has port dout[13] driven by constant 0
INFO: [Synth 8-3917] design design_geral_xlconstant_2_0 has port dout[12] driven by constant 0
INFO: [Synth 8-3917] design design_geral_xlconstant_2_0 has port dout[11] driven by constant 0
INFO: [Synth 8-3917] design design_geral_xlconstant_2_0 has port dout[10] driven by constant 0
INFO: [Synth 8-3917] design design_geral_xlconstant_2_0 has port dout[9] driven by constant 0
INFO: [Synth 8-3917] design design_geral_xlconstant_2_0 has port dout[8] driven by constant 0
INFO: [Synth 8-3917] design design_geral_xlconstant_2_0 has port dout[7] driven by constant 0
INFO: [Synth 8-3917] design design_geral_xlconstant_2_0 has port dout[6] driven by constant 0
INFO: [Synth 8-3917] design design_geral_xlconstant_2_0 has port dout[5] driven by constant 0
INFO: [Synth 8-3917] design design_geral_xlconstant_2_0 has port dout[4] driven by constant 0
INFO: [Synth 8-3917] design design_geral_xlconstant_2_0 has port dout[3] driven by constant 0
INFO: [Synth 8-3917] design design_geral_xlconstant_2_0 has port dout[2] driven by constant 0
INFO: [Synth 8-3917] design design_geral_xlconstant_2_0 has port dout[1] driven by constant 0
INFO: [Synth 8-3917] design design_geral_xlconstant_2_0 has port dout[0] driven by constant 0
---------------------------------------------------------------------------------
Finished Cross Boundary and Area Optimization : Time (s): cpu = 00:00:23 ; elapsed = 00:00:32 . Memory (MB): peak = 677.383 ; gain = 410.363
---------------------------------------------------------------------------------

Report RTL Partitions: 
+-+--------------+------------+----------+
| |RTL Partition |Replication |Instances |
+-+--------------+------------+----------+
+-+--------------+------------+----------+
---------------------------------------------------------------------------------
Start Applying XDC Timing Constraints
---------------------------------------------------------------------------------
---------------------------------------------------------------------------------
Finished Applying XDC Timing Constraints : Time (s): cpu = 00:00:38 ; elapsed = 00:00:50 . Memory (MB): peak = 751.316 ; gain = 484.297
---------------------------------------------------------------------------------
---------------------------------------------------------------------------------
Start Timing Optimization
---------------------------------------------------------------------------------
---------------------------------------------------------------------------------
Finished Timing Optimization : Time (s): cpu = 00:00:38 ; elapsed = 00:00:50 . Memory (MB): peak = 751.316 ; gain = 484.297
---------------------------------------------------------------------------------

Report RTL Partitions: 
+-+--------------+------------+----------+
| |RTL Partition |Replication |Instances |
+-+--------------+------------+----------+
+-+--------------+------------+----------+
---------------------------------------------------------------------------------
Start Technology Mapping
---------------------------------------------------------------------------------
---------------------------------------------------------------------------------
Finished Technology Mapping : Time (s): cpu = 00:00:38 ; elapsed = 00:00:50 . Memory (MB): peak = 751.316 ; gain = 484.297
---------------------------------------------------------------------------------

Report RTL Partitions: 
+-+--------------+------------+----------+
| |RTL Partition |Replication |Instances |
+-+--------------+------------+----------+
+-+--------------+------------+----------+
---------------------------------------------------------------------------------
Start IO Insertion
---------------------------------------------------------------------------------
---------------------------------------------------------------------------------
Start Flattening Before IO Insertion
---------------------------------------------------------------------------------
---------------------------------------------------------------------------------
Finished Flattening Before IO Insertion
---------------------------------------------------------------------------------
---------------------------------------------------------------------------------
Start Final Netlist Cleanup
---------------------------------------------------------------------------------
---------------------------------------------------------------------------------
Finished Final Netlist Cleanup
---------------------------------------------------------------------------------
---------------------------------------------------------------------------------
Finished IO Insertion : Time (s): cpu = 00:00:39 ; elapsed = 00:00:52 . Memory (MB): peak = 752.441 ; gain = 485.422
---------------------------------------------------------------------------------

Report Check Netlist: 
+------+------------------+-------+---------+-------+------------------+
|      |Item              |Errors |Warnings |Status |Description       |
+------+------------------+-------+---------+-------+------------------+
|1     |multi_driven_nets |      0|        0|Passed |Multi driven nets |
+------+------------------+-------+---------+-------+------------------+
---------------------------------------------------------------------------------
Start Renaming Generated Instances
---------------------------------------------------------------------------------
---------------------------------------------------------------------------------
Finished Renaming Generated Instances : Time (s): cpu = 00:00:39 ; elapsed = 00:00:52 . Memory (MB): peak = 752.441 ; gain = 485.422
---------------------------------------------------------------------------------

Report RTL Partitions: 
+-+--------------+------------+----------+
| |RTL Partition |Replication |Instances |
+-+--------------+------------+----------+
+-+--------------+------------+----------+
---------------------------------------------------------------------------------
Start Rebuilding User Hierarchy
---------------------------------------------------------------------------------
---------------------------------------------------------------------------------
Finished Rebuilding User Hierarchy : Time (s): cpu = 00:00:39 ; elapsed = 00:00:52 . Memory (MB): peak = 752.441 ; gain = 485.422
---------------------------------------------------------------------------------
---------------------------------------------------------------------------------
Start Renaming Generated Ports
---------------------------------------------------------------------------------
---------------------------------------------------------------------------------
Finished Renaming Generated Ports : Time (s): cpu = 00:00:39 ; elapsed = 00:00:52 . Memory (MB): peak = 752.441 ; gain = 485.422
---------------------------------------------------------------------------------
---------------------------------------------------------------------------------
Start Handling Custom Attributes
---------------------------------------------------------------------------------
---------------------------------------------------------------------------------
Finished Handling Custom Attributes : Time (s): cpu = 00:00:39 ; elapsed = 00:00:52 . Memory (MB): peak = 752.441 ; gain = 485.422
---------------------------------------------------------------------------------
---------------------------------------------------------------------------------
Start Renaming Generated Nets
---------------------------------------------------------------------------------
---------------------------------------------------------------------------------
Finished Renaming Generated Nets : Time (s): cpu = 00:00:39 ; elapsed = 00:00:52 . Memory (MB): peak = 752.441 ; gain = 485.422
---------------------------------------------------------------------------------
---------------------------------------------------------------------------------
Start Writing Synthesis Report
---------------------------------------------------------------------------------

Report BlackBoxes: 
+-+--------------+----------+
| |BlackBox name |Instances |
+-+--------------+----------+
+-+--------------+----------+

Report Cell Usage: 
+-+-----+------+
| |Cell |Count |
+-+-----+------+
+-+-----+------+

Report Instance Areas: 
+------+---------+-------+------+
|      |Instance |Module |Cells |
+------+---------+-------+------+
|1     |top      |       |     0|
+------+---------+-------+------+
---------------------------------------------------------------------------------
Finished Writing Synthesis Report : Time (s): cpu = 00:00:39 ; elapsed = 00:00:52 . Memory (MB): peak = 752.441 ; gain = 485.422
---------------------------------------------------------------------------------
Synthesis finished with 0 errors, 0 critical warnings and 1 warnings.
Synthesis Optimization Runtime : Time (s): cpu = 00:00:22 ; elapsed = 00:00:36 . Memory (MB): peak = 752.441 ; gain = 230.168
Synthesis Optimization Complete : Time (s): cpu = 00:00:39 ; elapsed = 00:00:52 . Memory (MB): peak = 752.441 ; gain = 485.422
INFO: [Project 1-571] Translating synthesized netlist
INFO: [Project 1-570] Preparing netlist for logic optimization
INFO: [Opt 31-138] Pushed 0 inverter(s) to 0 load pin(s).
INFO: [Project 1-111] Unisim Transformation Summary:
No Unisim elements were transformed.

INFO: [Common 17-83] Releasing license: Synthesis
45 Infos, 2 Warnings, 0 Critical Warnings and 0 Errors encountered.
synth_design completed successfully
synth_design: Time (s): cpu = 00:00:42 ; elapsed = 00:00:55 . Memory (MB): peak = 778.668 ; gain = 516.957
WARNING: [Constraints 18-5210] No constraint will be written out.
INFO: [Common 17-1381] The checkpoint 'C:/Users/sergiopereira/Vivado_projects/RTOS_codesign/projects/project_srtos/project_srtos.runs/design_geral_xlconstant_2_0_synth_1/design_geral_xlconstant_2_0.dcp' has been generated.
