
*** Running vivado
    with args -log design_rtos_timers_ip_0_0.vds -m64 -product Vivado -mode batch -messageDb vivado.pb -notrace -source design_rtos_timers_ip_0_0.tcl


****** Vivado v2018.2 (64-bit)
  **** SW Build 2258646 on Thu Jun 14 20:03:12 MDT 2018
  **** IP Build 2256618 on Thu Jun 14 22:10:49 MDT 2018
    ** Copyright 1986-2018 Xilinx, Inc. All Rights Reserved.

source design_rtos_timers_ip_0_0.tcl -notrace
Command: synth_design -top design_rtos_timers_ip_0_0 -part xc7z020clg484-1 -mode out_of_context
Starting synth_design
Attempting to get a license for feature 'Synthesis' and/or device 'xc7z020'
INFO: [Common 17-349] Got license for feature 'Synthesis' and/or device 'xc7z020'
INFO: Launching helper process for spawning children vivado processes
INFO: Helper process launched with PID 412 
---------------------------------------------------------------------------------
Starting RTL Elaboration : Time (s): cpu = 00:00:07 ; elapsed = 00:00:09 . Memory (MB): peak = 368.566 ; gain = 100.492
---------------------------------------------------------------------------------
INFO: [Synth 8-6157] synthesizing module 'design_rtos_timers_ip_0_0' [c:/Users/sergiopereira/Vivado_projects/RTOS_codesign/projects/project_rtos/project_rtos.srcs/sources_1/bd/design_rtos/ip/design_rtos_timers_ip_0_0/synth/design_rtos_timers_ip_0_0.v:57]
INFO: [Synth 8-6157] synthesizing module 'timers_ip_v1_0' [c:/Users/sergiopereira/Vivado_projects/RTOS_codesign/projects/project_rtos/project_rtos.srcs/sources_1/bd/design_rtos/ipshared/72b8/hdl/timers_ip_v1_0.v:4]
	Parameter C_ADDRESS_WIDTH bound to: 32 - type: integer 
	Parameter C_TICK_WIDTH bound to: 32 - type: integer 
	Parameter C_TIMERID_WIDTH bound to: 8 - type: integer 
	Parameter C_TASKID_WIDTH bound to: 8 - type: integer 
	Parameter C_S00_AXI_DATA_WIDTH bound to: 32 - type: integer 
	Parameter C_S00_AXI_ADDR_WIDTH bound to: 6 - type: integer 
INFO: [Synth 8-6157] synthesizing module 'timers_ip_v1_0_S00_AXI' [c:/Users/sergiopereira/Vivado_projects/RTOS_codesign/projects/project_rtos/project_rtos.srcs/sources_1/bd/design_rtos/ipshared/72b8/hdl/timers_ip_v1_0_S00_AXI.v:4]
	Parameter C_ADDRESS_WIDTH bound to: 32 - type: integer 
	Parameter C_TICK_WIDTH bound to: 32 - type: integer 
	Parameter C_TIMERID_WIDTH bound to: 8 - type: integer 
	Parameter C_TASKID_WIDTH bound to: 8 - type: integer 
	Parameter C_S_AXI_DATA_WIDTH bound to: 32 - type: integer 
	Parameter C_S_AXI_ADDR_WIDTH bound to: 6 - type: integer 
	Parameter ADDR_LSB bound to: 2 - type: integer 
	Parameter OPT_MEM_ADDR_BITS bound to: 3 - type: integer 
INFO: [Synth 8-6155] done synthesizing module 'timers_ip_v1_0_S00_AXI' (1#1) [c:/Users/sergiopereira/Vivado_projects/RTOS_codesign/projects/project_rtos/project_rtos.srcs/sources_1/bd/design_rtos/ipshared/72b8/hdl/timers_ip_v1_0_S00_AXI.v:4]
INFO: [Synth 8-6157] synthesizing module 'timers_module' [c:/Users/sergiopereira/Vivado_projects/RTOS_codesign/projects/project_rtos/project_rtos.srcs/sources_1/bd/design_rtos/ipshared/72b8/src/timers_module.v:39]
	Parameter C_ADDRESS_WIDTH bound to: 32 - type: integer 
	Parameter C_TICK_WIDTH bound to: 32 - type: integer 
	Parameter C_TIMERID_WIDTH bound to: 8 - type: integer 
	Parameter C_TASKID_WIDTH bound to: 8 - type: integer 
INFO: [Synth 8-155] case statement is not full and has no default [c:/Users/sergiopereira/Vivado_projects/RTOS_codesign/projects/project_rtos/project_rtos.srcs/sources_1/bd/design_rtos/ipshared/72b8/src/timers_module.v:273]
INFO: [Synth 8-155] case statement is not full and has no default [c:/Users/sergiopereira/Vivado_projects/RTOS_codesign/projects/project_rtos/project_rtos.srcs/sources_1/bd/design_rtos/ipshared/72b8/src/timers_module.v:333]
INFO: [Synth 8-638] synthesizing module 'mem_timers' [c:/Users/sergiopereira/Vivado_projects/RTOS_codesign/projects/project_rtos/project_rtos.srcs/sources_1/bd/design_rtos/ip/design_rtos_timers_ip_0_0/src/mem_timers/synth/mem_timers.vhd:71]
	Parameter C_FAMILY bound to: zynq - type: string 
	Parameter C_ADDR_WIDTH bound to: 8 - type: integer 
	Parameter C_DEFAULT_DATA bound to: 0 - type: string 
	Parameter C_DEPTH bound to: 256 - type: integer 
	Parameter C_HAS_CLK bound to: 1 - type: integer 
	Parameter C_HAS_D bound to: 1 - type: integer 
	Parameter C_HAS_DPO bound to: 1 - type: integer 
	Parameter C_HAS_DPRA bound to: 1 - type: integer 
	Parameter C_HAS_I_CE bound to: 0 - type: integer 
	Parameter C_HAS_QDPO bound to: 0 - type: integer 
	Parameter C_HAS_QDPO_CE bound to: 0 - type: integer 
	Parameter C_HAS_QDPO_CLK bound to: 0 - type: integer 
	Parameter C_HAS_QDPO_RST bound to: 0 - type: integer 
	Parameter C_HAS_QDPO_SRST bound to: 0 - type: integer 
	Parameter C_HAS_QSPO bound to: 0 - type: integer 
	Parameter C_HAS_QSPO_CE bound to: 0 - type: integer 
	Parameter C_HAS_QSPO_RST bound to: 0 - type: integer 
	Parameter C_HAS_QSPO_SRST bound to: 0 - type: integer 
	Parameter C_HAS_SPO bound to: 1 - type: integer 
	Parameter C_HAS_WE bound to: 1 - type: integer 
	Parameter C_MEM_INIT_FILE bound to: no_coe_file_loaded - type: string 
	Parameter C_ELABORATION_DIR bound to: ./ - type: string 
	Parameter C_MEM_TYPE bound to: 2 - type: integer 
	Parameter C_PIPELINE_STAGES bound to: 0 - type: integer 
	Parameter C_QCE_JOINED bound to: 0 - type: integer 
	Parameter C_QUALIFY_WE bound to: 0 - type: integer 
	Parameter C_READ_MIF bound to: 0 - type: integer 
	Parameter C_REG_A_D_INPUTS bound to: 0 - type: integer 
	Parameter C_REG_DPRA_INPUT bound to: 0 - type: integer 
	Parameter C_SYNC_ENABLE bound to: 1 - type: integer 
	Parameter C_WIDTH bound to: 48 - type: integer 
	Parameter C_PARSER_TYPE bound to: 1 - type: integer 
INFO: [Synth 8-3491] module 'dist_mem_gen_v8_0_12' declared at 'c:/Users/sergiopereira/Vivado_projects/RTOS_codesign/projects/project_rtos/project_rtos.srcs/sources_1/bd/design_rtos/ip/design_rtos_timers_ip_0_0/src/mem_timers/hdl/dist_mem_gen_v8_0_vhsyn_rfs.vhd:3237' bound to instance 'U0' of component 'dist_mem_gen_v8_0_12' [c:/Users/sergiopereira/Vivado_projects/RTOS_codesign/projects/project_rtos/project_rtos.srcs/sources_1/bd/design_rtos/ip/design_rtos_timers_ip_0_0/src/mem_timers/synth/mem_timers.vhd:137]
INFO: [Synth 8-256] done synthesizing module 'mem_timers' (5#1) [c:/Users/sergiopereira/Vivado_projects/RTOS_codesign/projects/project_rtos/project_rtos.srcs/sources_1/bd/design_rtos/ip/design_rtos_timers_ip_0_0/src/mem_timers/synth/mem_timers.vhd:71]
INFO: [Synth 8-638] synthesizing module 'mem_info' [c:/Users/sergiopereira/Vivado_projects/RTOS_codesign/projects/project_rtos/project_rtos.srcs/sources_1/bd/design_rtos/ip/design_rtos_timers_ip_0_0/src/mem_info/synth/mem_info.vhd:71]
	Parameter C_FAMILY bound to: zynq - type: string 
	Parameter C_ADDR_WIDTH bound to: 8 - type: integer 
	Parameter C_DEFAULT_DATA bound to: 0 - type: string 
	Parameter C_DEPTH bound to: 256 - type: integer 
	Parameter C_HAS_CLK bound to: 1 - type: integer 
	Parameter C_HAS_D bound to: 1 - type: integer 
	Parameter C_HAS_DPO bound to: 1 - type: integer 
	Parameter C_HAS_DPRA bound to: 1 - type: integer 
	Parameter C_HAS_I_CE bound to: 0 - type: integer 
	Parameter C_HAS_QDPO bound to: 0 - type: integer 
	Parameter C_HAS_QDPO_CE bound to: 0 - type: integer 
	Parameter C_HAS_QDPO_CLK bound to: 0 - type: integer 
	Parameter C_HAS_QDPO_RST bound to: 0 - type: integer 
	Parameter C_HAS_QDPO_SRST bound to: 0 - type: integer 
	Parameter C_HAS_QSPO bound to: 0 - type: integer 
	Parameter C_HAS_QSPO_CE bound to: 0 - type: integer 
	Parameter C_HAS_QSPO_RST bound to: 0 - type: integer 
	Parameter C_HAS_QSPO_SRST bound to: 0 - type: integer 
	Parameter C_HAS_SPO bound to: 1 - type: integer 
	Parameter C_HAS_WE bound to: 1 - type: integer 
	Parameter C_MEM_INIT_FILE bound to: no_coe_file_loaded - type: string 
	Parameter C_ELABORATION_DIR bound to: ./ - type: string 
	Parameter C_MEM_TYPE bound to: 2 - type: integer 
	Parameter C_PIPELINE_STAGES bound to: 0 - type: integer 
	Parameter C_QCE_JOINED bound to: 0 - type: integer 
	Parameter C_QUALIFY_WE bound to: 0 - type: integer 
	Parameter C_READ_MIF bound to: 0 - type: integer 
	Parameter C_REG_A_D_INPUTS bound to: 0 - type: integer 
	Parameter C_REG_DPRA_INPUT bound to: 0 - type: integer 
	Parameter C_SYNC_ENABLE bound to: 1 - type: integer 
	Parameter C_WIDTH bound to: 64 - type: integer 
	Parameter C_PARSER_TYPE bound to: 1 - type: integer 
INFO: [Synth 8-3491] module 'dist_mem_gen_v8_0_12' declared at 'c:/Users/sergiopereira/Vivado_projects/RTOS_codesign/projects/project_rtos/project_rtos.srcs/sources_1/bd/design_rtos/ip/design_rtos_timers_ip_0_0/src/mem_timers/hdl/dist_mem_gen_v8_0_vhsyn_rfs.vhd:3237' bound to instance 'U0' of component 'dist_mem_gen_v8_0_12' [c:/Users/sergiopereira/Vivado_projects/RTOS_codesign/projects/project_rtos/project_rtos.srcs/sources_1/bd/design_rtos/ip/design_rtos_timers_ip_0_0/src/mem_info/synth/mem_info.vhd:137]
INFO: [Synth 8-256] done synthesizing module 'mem_info' (6#1) [c:/Users/sergiopereira/Vivado_projects/RTOS_codesign/projects/project_rtos/project_rtos.srcs/sources_1/bd/design_rtos/ip/design_rtos_timers_ip_0_0/src/mem_info/synth/mem_info.vhd:71]
INFO: [Synth 8-6155] done synthesizing module 'timers_module' (7#1) [c:/Users/sergiopereira/Vivado_projects/RTOS_codesign/projects/project_rtos/project_rtos.srcs/sources_1/bd/design_rtos/ipshared/72b8/src/timers_module.v:39]
INFO: [Synth 8-6155] done synthesizing module 'timers_ip_v1_0' (8#1) [c:/Users/sergiopereira/Vivado_projects/RTOS_codesign/projects/project_rtos/project_rtos.srcs/sources_1/bd/design_rtos/ipshared/72b8/hdl/timers_ip_v1_0.v:4]
INFO: [Synth 8-6155] done synthesizing module 'design_rtos_timers_ip_0_0' (9#1) [c:/Users/sergiopereira/Vivado_projects/RTOS_codesign/projects/project_rtos/project_rtos.srcs/sources_1/bd/design_rtos/ip/design_rtos_timers_ip_0_0/synth/design_rtos_timers_ip_0_0.v:57]
WARNING: [Synth 8-3331] design dpram__parameterized1 has unconnected port qspo[63]
WARNING: [Synth 8-3331] design dpram__parameterized1 has unconnected port qspo[62]
WARNING: [Synth 8-3331] design dpram__parameterized1 has unconnected port qspo[61]
WARNING: [Synth 8-3331] design dpram__parameterized1 has unconnected port qspo[60]
WARNING: [Synth 8-3331] design dpram__parameterized1 has unconnected port qspo[59]
WARNING: [Synth 8-3331] design dpram__parameterized1 has unconnected port qspo[58]
WARNING: [Synth 8-3331] design dpram__parameterized1 has unconnected port qspo[57]
WARNING: [Synth 8-3331] design dpram__parameterized1 has unconnected port qspo[56]
WARNING: [Synth 8-3331] design dpram__parameterized1 has unconnected port qspo[55]
WARNING: [Synth 8-3331] design dpram__parameterized1 has unconnected port qspo[54]
WARNING: [Synth 8-3331] design dpram__parameterized1 has unconnected port qspo[53]
WARNING: [Synth 8-3331] design dpram__parameterized1 has unconnected port qspo[52]
WARNING: [Synth 8-3331] design dpram__parameterized1 has unconnected port qspo[51]
WARNING: [Synth 8-3331] design dpram__parameterized1 has unconnected port qspo[50]
WARNING: [Synth 8-3331] design dpram__parameterized1 has unconnected port qspo[49]
WARNING: [Synth 8-3331] design dpram__parameterized1 has unconnected port qspo[48]
WARNING: [Synth 8-3331] design dpram__parameterized1 has unconnected port qspo[47]
WARNING: [Synth 8-3331] design dpram__parameterized1 has unconnected port qspo[46]
WARNING: [Synth 8-3331] design dpram__parameterized1 has unconnected port qspo[45]
WARNING: [Synth 8-3331] design dpram__parameterized1 has unconnected port qspo[44]
WARNING: [Synth 8-3331] design dpram__parameterized1 has unconnected port qspo[43]
WARNING: [Synth 8-3331] design dpram__parameterized1 has unconnected port qspo[42]
WARNING: [Synth 8-3331] design dpram__parameterized1 has unconnected port qspo[41]
WARNING: [Synth 8-3331] design dpram__parameterized1 has unconnected port qspo[40]
WARNING: [Synth 8-3331] design dpram__parameterized1 has unconnected port qspo[39]
WARNING: [Synth 8-3331] design dpram__parameterized1 has unconnected port qspo[38]
WARNING: [Synth 8-3331] design dpram__parameterized1 has unconnected port qspo[37]
WARNING: [Synth 8-3331] design dpram__parameterized1 has unconnected port qspo[36]
WARNING: [Synth 8-3331] design dpram__parameterized1 has unconnected port qspo[35]
WARNING: [Synth 8-3331] design dpram__parameterized1 has unconnected port qspo[34]
WARNING: [Synth 8-3331] design dpram__parameterized1 has unconnected port qspo[33]
WARNING: [Synth 8-3331] design dpram__parameterized1 has unconnected port qspo[32]
WARNING: [Synth 8-3331] design dpram__parameterized1 has unconnected port qspo[31]
WARNING: [Synth 8-3331] design dpram__parameterized1 has unconnected port qspo[30]
WARNING: [Synth 8-3331] design dpram__parameterized1 has unconnected port qspo[29]
WARNING: [Synth 8-3331] design dpram__parameterized1 has unconnected port qspo[28]
WARNING: [Synth 8-3331] design dpram__parameterized1 has unconnected port qspo[27]
WARNING: [Synth 8-3331] design dpram__parameterized1 has unconnected port qspo[26]
WARNING: [Synth 8-3331] design dpram__parameterized1 has unconnected port qspo[25]
WARNING: [Synth 8-3331] design dpram__parameterized1 has unconnected port qspo[24]
WARNING: [Synth 8-3331] design dpram__parameterized1 has unconnected port qspo[23]
WARNING: [Synth 8-3331] design dpram__parameterized1 has unconnected port qspo[22]
WARNING: [Synth 8-3331] design dpram__parameterized1 has unconnected port qspo[21]
WARNING: [Synth 8-3331] design dpram__parameterized1 has unconnected port qspo[20]
WARNING: [Synth 8-3331] design dpram__parameterized1 has unconnected port qspo[19]
WARNING: [Synth 8-3331] design dpram__parameterized1 has unconnected port qspo[18]
WARNING: [Synth 8-3331] design dpram__parameterized1 has unconnected port qspo[17]
WARNING: [Synth 8-3331] design dpram__parameterized1 has unconnected port qspo[16]
WARNING: [Synth 8-3331] design dpram__parameterized1 has unconnected port qspo[15]
WARNING: [Synth 8-3331] design dpram__parameterized1 has unconnected port qspo[14]
WARNING: [Synth 8-3331] design dpram__parameterized1 has unconnected port qspo[13]
WARNING: [Synth 8-3331] design dpram__parameterized1 has unconnected port qspo[12]
WARNING: [Synth 8-3331] design dpram__parameterized1 has unconnected port qspo[11]
WARNING: [Synth 8-3331] design dpram__parameterized1 has unconnected port qspo[10]
WARNING: [Synth 8-3331] design dpram__parameterized1 has unconnected port qspo[9]
WARNING: [Synth 8-3331] design dpram__parameterized1 has unconnected port qspo[8]
WARNING: [Synth 8-3331] design dpram__parameterized1 has unconnected port qspo[7]
WARNING: [Synth 8-3331] design dpram__parameterized1 has unconnected port qspo[6]
WARNING: [Synth 8-3331] design dpram__parameterized1 has unconnected port qspo[5]
WARNING: [Synth 8-3331] design dpram__parameterized1 has unconnected port qspo[4]
WARNING: [Synth 8-3331] design dpram__parameterized1 has unconnected port qspo[3]
WARNING: [Synth 8-3331] design dpram__parameterized1 has unconnected port qspo[2]
WARNING: [Synth 8-3331] design dpram__parameterized1 has unconnected port qspo[1]
WARNING: [Synth 8-3331] design dpram__parameterized1 has unconnected port qspo[0]
WARNING: [Synth 8-3331] design dpram__parameterized1 has unconnected port qdpo[63]
WARNING: [Synth 8-3331] design dpram__parameterized1 has unconnected port qdpo[62]
WARNING: [Synth 8-3331] design dpram__parameterized1 has unconnected port qdpo[61]
WARNING: [Synth 8-3331] design dpram__parameterized1 has unconnected port qdpo[60]
WARNING: [Synth 8-3331] design dpram__parameterized1 has unconnected port qdpo[59]
WARNING: [Synth 8-3331] design dpram__parameterized1 has unconnected port qdpo[58]
WARNING: [Synth 8-3331] design dpram__parameterized1 has unconnected port qdpo[57]
WARNING: [Synth 8-3331] design dpram__parameterized1 has unconnected port qdpo[56]
WARNING: [Synth 8-3331] design dpram__parameterized1 has unconnected port qdpo[55]
WARNING: [Synth 8-3331] design dpram__parameterized1 has unconnected port qdpo[54]
WARNING: [Synth 8-3331] design dpram__parameterized1 has unconnected port qdpo[53]
WARNING: [Synth 8-3331] design dpram__parameterized1 has unconnected port qdpo[52]
WARNING: [Synth 8-3331] design dpram__parameterized1 has unconnected port qdpo[51]
WARNING: [Synth 8-3331] design dpram__parameterized1 has unconnected port qdpo[50]
WARNING: [Synth 8-3331] design dpram__parameterized1 has unconnected port qdpo[49]
WARNING: [Synth 8-3331] design dpram__parameterized1 has unconnected port qdpo[48]
WARNING: [Synth 8-3331] design dpram__parameterized1 has unconnected port qdpo[47]
WARNING: [Synth 8-3331] design dpram__parameterized1 has unconnected port qdpo[46]
WARNING: [Synth 8-3331] design dpram__parameterized1 has unconnected port qdpo[45]
WARNING: [Synth 8-3331] design dpram__parameterized1 has unconnected port qdpo[44]
WARNING: [Synth 8-3331] design dpram__parameterized1 has unconnected port qdpo[43]
WARNING: [Synth 8-3331] design dpram__parameterized1 has unconnected port qdpo[42]
WARNING: [Synth 8-3331] design dpram__parameterized1 has unconnected port qdpo[41]
WARNING: [Synth 8-3331] design dpram__parameterized1 has unconnected port qdpo[40]
WARNING: [Synth 8-3331] design dpram__parameterized1 has unconnected port qdpo[39]
WARNING: [Synth 8-3331] design dpram__parameterized1 has unconnected port qdpo[38]
WARNING: [Synth 8-3331] design dpram__parameterized1 has unconnected port qdpo[37]
WARNING: [Synth 8-3331] design dpram__parameterized1 has unconnected port qdpo[36]
WARNING: [Synth 8-3331] design dpram__parameterized1 has unconnected port qdpo[35]
WARNING: [Synth 8-3331] design dpram__parameterized1 has unconnected port qdpo[34]
WARNING: [Synth 8-3331] design dpram__parameterized1 has unconnected port qdpo[33]
WARNING: [Synth 8-3331] design dpram__parameterized1 has unconnected port qdpo[32]
WARNING: [Synth 8-3331] design dpram__parameterized1 has unconnected port qdpo[31]
WARNING: [Synth 8-3331] design dpram__parameterized1 has unconnected port qdpo[30]
WARNING: [Synth 8-3331] design dpram__parameterized1 has unconnected port qdpo[29]
WARNING: [Synth 8-3331] design dpram__parameterized1 has unconnected port qdpo[28]
INFO: [Common 17-14] Message 'Synth 8-3331' appears 100 times and further instances of the messages will be disabled. Use the Tcl command set_msg_config to change the current settings.
---------------------------------------------------------------------------------
Finished RTL Elaboration : Time (s): cpu = 00:00:10 ; elapsed = 00:00:13 . Memory (MB): peak = 425.023 ; gain = 156.949
---------------------------------------------------------------------------------

Report Check Netlist: 
+------+------------------+-------+---------+-------+------------------+
|      |Item              |Errors |Warnings |Status |Description       |
+------+------------------+-------+---------+-------+------------------+
|1     |multi_driven_nets |      0|        0|Passed |Multi driven nets |
+------+------------------+-------+---------+-------+------------------+
---------------------------------------------------------------------------------
Start Handling Custom Attributes
---------------------------------------------------------------------------------
---------------------------------------------------------------------------------
Finished Handling Custom Attributes : Time (s): cpu = 00:00:10 ; elapsed = 00:00:13 . Memory (MB): peak = 425.023 ; gain = 156.949
---------------------------------------------------------------------------------
---------------------------------------------------------------------------------
Finished RTL Optimization Phase 1 : Time (s): cpu = 00:00:10 ; elapsed = 00:00:13 . Memory (MB): peak = 425.023 ; gain = 156.949
---------------------------------------------------------------------------------
INFO: [Device 21-403] Loading part xc7z020clg484-1
INFO: [Project 1-570] Preparing netlist for logic optimization

Processing XDC Constraints
Initializing timing engine
Parsing XDC File [C:/Users/sergiopereira/Vivado_projects/RTOS_codesign/projects/project_rtos/project_rtos.runs/design_rtos_timers_ip_0_0_synth_1/dont_touch.xdc]
Finished Parsing XDC File [C:/Users/sergiopereira/Vivado_projects/RTOS_codesign/projects/project_rtos/project_rtos.runs/design_rtos_timers_ip_0_0_synth_1/dont_touch.xdc]
Completed Processing XDC Constraints

INFO: [Project 1-111] Unisim Transformation Summary:
No Unisim elements were transformed.

Constraint Validation Runtime : Time (s): cpu = 00:00:00 ; elapsed = 00:00:00.075 . Memory (MB): peak = 785.531 ; gain = 0.191
---------------------------------------------------------------------------------
Finished Constraint Validation : Time (s): cpu = 00:00:27 ; elapsed = 00:00:35 . Memory (MB): peak = 785.531 ; gain = 517.457
---------------------------------------------------------------------------------
---------------------------------------------------------------------------------
Start Loading Part and Timing Information
---------------------------------------------------------------------------------
Loading part: xc7z020clg484-1
---------------------------------------------------------------------------------
Finished Loading Part and Timing Information : Time (s): cpu = 00:00:27 ; elapsed = 00:00:35 . Memory (MB): peak = 785.531 ; gain = 517.457
---------------------------------------------------------------------------------
---------------------------------------------------------------------------------
Start Applying 'set_property' XDC Constraints
---------------------------------------------------------------------------------
Applied set_property DONT_TOUCH = true for inst/timers_module_inst/timerslist. (constraint file  auto generated constraint, line ).
Applied set_property DONT_TOUCH = true for inst/timers_module_inst/infolist. (constraint file  auto generated constraint, line ).
---------------------------------------------------------------------------------
Finished applying 'set_property' XDC Constraints : Time (s): cpu = 00:00:27 ; elapsed = 00:00:35 . Memory (MB): peak = 785.531 ; gain = 517.457
---------------------------------------------------------------------------------
INFO: [Synth 8-5544] ROM "byte_index" won't be mapped to Block RAM because address size (4) smaller than threshold (5)
INFO: [Synth 8-802] inferred FSM for state register 'state_info_reg' in module 'timers_module'
INFO: [Synth 8-802] inferred FSM for state register 'state_list_reg' in module 'timers_module'
INFO: [Synth 8-5544] ROM "addrinfonew_reg" won't be mapped to Block RAM because address size (2) smaller than threshold (5)
INFO: [Synth 8-5544] ROM "state_info2" won't be mapped to Block RAM because address size (1) smaller than threshold (5)
INFO: [Synth 8-5587] ROM size for "nexttimer_reg" is below threshold of ROM address width. It will be mapped to LUTs
INFO: [Synth 8-5587] ROM size for "prevtimer_reg" is below threshold of ROM address width. It will be mapped to LUTs
INFO: [Synth 8-5546] ROM "nextadrr_reg" won't be mapped to RAM because it is too sparse
INFO: [Synth 8-5546] ROM "changeEnd" won't be mapped to RAM because it is too sparse
INFO: [Synth 8-5546] ROM "changeStrt" won't be mapped to RAM because it is too sparse
INFO: [Synth 8-5546] ROM "idTmr_reg" won't be mapped to RAM because it is too sparse
INFO: [Synth 8-5546] ROM "expireTime_reg" won't be mapped to RAM because it is too sparse
INFO: [Synth 8-5546] ROM "state_list" won't be mapped to RAM because it is too sparse
INFO: [Synth 8-5546] ROM "notEmpty_signal" won't be mapped to RAM because it is too sparse
INFO: [Synth 8-5544] ROM "state_list0" won't be mapped to Block RAM because address size (1) smaller than threshold (5)
INFO: [Synth 8-5544] ROM "state_list0" won't be mapped to Block RAM because address size (1) smaller than threshold (5)
INFO: [Synth 8-5544] ROM "state_list1" won't be mapped to Block RAM because address size (1) smaller than threshold (5)
INFO: [Synth 8-5544] ROM "state_list1" won't be mapped to Block RAM because address size (1) smaller than threshold (5)
INFO: [Synth 8-5544] ROM "state_list1" won't be mapped to Block RAM because address size (1) smaller than threshold (5)
WARNING: [Synth 8-327] inferring latch for variable 'byte_index' [c:/Users/sergiopereira/Vivado_projects/RTOS_codesign/projects/project_rtos/project_rtos.srcs/sources_1/bd/design_rtos/ipshared/72b8/hdl/timers_ip_v1_0_S00_AXI.v:233]
---------------------------------------------------------------------------------------------------
                   State |                     New Encoding |                Previous Encoding 
---------------------------------------------------------------------------------------------------
                 iSTATE1 |                             0001 |                               00
                  iSTATE |                             0010 |                               01
                 iSTATE0 |                             0100 |                               10
                 iSTATE2 |                             1000 |                               11
---------------------------------------------------------------------------------------------------
INFO: [Synth 8-3354] encoded FSM with state register 'state_info_reg' using encoding 'one-hot' in module 'timers_module'
---------------------------------------------------------------------------------------------------
                   State |                     New Encoding |                Previous Encoding 
---------------------------------------------------------------------------------------------------
                 iSTATE1 |                     000000100000 |                           000000
                 iSTATE0 |                     000000000100 |                           000001
                 iSTATE9 |                     000000010000 |                           000010
                 iSTATE8 |                     100000000000 |                           000100
                 iSTATE7 |                     010000000000 |                           000011
                 iSTATE5 |                     000100000000 |                           000110
                 iSTATE2 |                     000010000000 |                           000111
                 iSTATE6 |                     001000000000 |                           000101
                 iSTATE4 |                     000000001000 |                           001000
                 iSTATE3 |                     000001000000 |                           001001
                  iSTATE |                     000000000001 |                           001010
                iSTATE10 |                     000000000010 |                           001011
---------------------------------------------------------------------------------------------------
INFO: [Synth 8-3354] encoded FSM with state register 'state_list_reg' using encoding 'one-hot' in module 'timers_module'
---------------------------------------------------------------------------------
Finished RTL Optimization Phase 2 : Time (s): cpu = 00:00:28 ; elapsed = 00:00:36 . Memory (MB): peak = 785.531 ; gain = 517.457
---------------------------------------------------------------------------------

Report RTL Partitions: 
+-+--------------+------------+----------+
| |RTL Partition |Replication |Instances |
+-+--------------+------------+----------+
+-+--------------+------------+----------+
---------------------------------------------------------------------------------
Start RTL Component Statistics 
---------------------------------------------------------------------------------
Detailed RTL Component Info : 
+---Adders : 
	   2 Input     32 Bit       Adders := 1     
	   2 Input      8 Bit       Adders := 1     
+---Registers : 
	              256 Bit    Registers := 1     
	               64 Bit    Registers := 2     
	               48 Bit    Registers := 2     
	               32 Bit    Registers := 5     
	                8 Bit    Registers := 11    
	                6 Bit    Registers := 2     
	                2 Bit    Registers := 2     
	                1 Bit    Registers := 12    
+---Muxes : 
	   2 Input    256 Bit        Muxes := 2     
	   2 Input     64 Bit        Muxes := 1     
	   3 Input     48 Bit        Muxes := 1     
	   2 Input     48 Bit        Muxes := 2     
	   2 Input     32 Bit        Muxes := 5     
	   8 Input     32 Bit        Muxes := 2     
	  12 Input     12 Bit        Muxes := 1     
	   2 Input     12 Bit        Muxes := 8     
	   2 Input      8 Bit        Muxes := 9     
	  11 Input      8 Bit        Muxes := 2     
	   5 Input      8 Bit        Muxes := 1     
	   4 Input      4 Bit        Muxes := 1     
	   2 Input      4 Bit        Muxes := 3     
	   2 Input      1 Bit        Muxes := 22    
	   8 Input      1 Bit        Muxes := 5     
	  11 Input      1 Bit        Muxes := 5     
	  12 Input      1 Bit        Muxes := 1     
---------------------------------------------------------------------------------
Finished RTL Component Statistics 
---------------------------------------------------------------------------------
---------------------------------------------------------------------------------
Start RTL Hierarchical Component Statistics 
---------------------------------------------------------------------------------
Hierarchical RTL Component report 
Module timers_ip_v1_0_S00_AXI 
Detailed RTL Component Info : 
+---Registers : 
	               32 Bit    Registers := 3     
	                8 Bit    Registers := 2     
	                6 Bit    Registers := 2     
	                2 Bit    Registers := 2     
	                1 Bit    Registers := 7     
+---Muxes : 
	   2 Input     32 Bit        Muxes := 5     
	   8 Input     32 Bit        Muxes := 2     
	   2 Input      1 Bit        Muxes := 13    
	   8 Input      1 Bit        Muxes := 5     
Module dpram 
Detailed RTL Component Info : 
+---Registers : 
	               48 Bit    Registers := 2     
Module dpram__parameterized1 
Detailed RTL Component Info : 
+---Registers : 
	               64 Bit    Registers := 2     
Module timers_module 
Detailed RTL Component Info : 
+---Adders : 
	   2 Input     32 Bit       Adders := 1     
	   2 Input      8 Bit       Adders := 1     
+---Registers : 
	              256 Bit    Registers := 1     
	               32 Bit    Registers := 2     
	                8 Bit    Registers := 9     
	                1 Bit    Registers := 5     
+---Muxes : 
	   2 Input    256 Bit        Muxes := 2     
	   2 Input     64 Bit        Muxes := 1     
	   3 Input     48 Bit        Muxes := 1     
	   2 Input     48 Bit        Muxes := 2     
	  12 Input     12 Bit        Muxes := 1     
	   2 Input     12 Bit        Muxes := 8     
	   2 Input      8 Bit        Muxes := 9     
	  11 Input      8 Bit        Muxes := 2     
	   5 Input      8 Bit        Muxes := 1     
	   4 Input      4 Bit        Muxes := 1     
	   2 Input      4 Bit        Muxes := 3     
	   2 Input      1 Bit        Muxes := 9     
	  11 Input      1 Bit        Muxes := 5     
	  12 Input      1 Bit        Muxes := 1     
---------------------------------------------------------------------------------
Finished RTL Hierarchical Component Statistics
---------------------------------------------------------------------------------
---------------------------------------------------------------------------------
Start Part Resource Summary
---------------------------------------------------------------------------------
Part Resources:
DSPs: 220 (col length:60)
BRAMs: 280 (col length: RAMB18 60 RAMB36 30)
---------------------------------------------------------------------------------
Finished Part Resource Summary
---------------------------------------------------------------------------------
---------------------------------------------------------------------------------
Start Cross Boundary and Area Optimization
---------------------------------------------------------------------------------
Warning: Parallel synthesis criteria is not met 
INFO: [Synth 8-3886] merging instance 'inst/timers_ip_v1_0_S00_AXI_inst/byte_index' (LD) to 'inst/timers_ip_v1_0_S00_AXI_inst/byte_index__30'
INFO: [Synth 8-3886] merging instance 'inst/timers_ip_v1_0_S00_AXI_inst/byte_index__0' (LD) to 'inst/timers_ip_v1_0_S00_AXI_inst/byte_index__30'
INFO: [Synth 8-3886] merging instance 'inst/timers_ip_v1_0_S00_AXI_inst/byte_index__1' (LD) to 'inst/timers_ip_v1_0_S00_AXI_inst/byte_index__30'
INFO: [Synth 8-3886] merging instance 'inst/timers_ip_v1_0_S00_AXI_inst/byte_index__2' (LD) to 'inst/timers_ip_v1_0_S00_AXI_inst/byte_index__30'
INFO: [Synth 8-3886] merging instance 'inst/timers_ip_v1_0_S00_AXI_inst/byte_index__3' (LD) to 'inst/timers_ip_v1_0_S00_AXI_inst/byte_index__30'
INFO: [Synth 8-3886] merging instance 'inst/timers_ip_v1_0_S00_AXI_inst/byte_index__4' (LD) to 'inst/timers_ip_v1_0_S00_AXI_inst/byte_index__30'
INFO: [Synth 8-3886] merging instance 'inst/timers_ip_v1_0_S00_AXI_inst/byte_index__5' (LD) to 'inst/timers_ip_v1_0_S00_AXI_inst/byte_index__30'
INFO: [Synth 8-3886] merging instance 'inst/timers_ip_v1_0_S00_AXI_inst/byte_index__6' (LD) to 'inst/timers_ip_v1_0_S00_AXI_inst/byte_index__30'
INFO: [Synth 8-3886] merging instance 'inst/timers_ip_v1_0_S00_AXI_inst/byte_index__7' (LD) to 'inst/timers_ip_v1_0_S00_AXI_inst/byte_index__30'
INFO: [Synth 8-3886] merging instance 'inst/timers_ip_v1_0_S00_AXI_inst/byte_index__8' (LD) to 'inst/timers_ip_v1_0_S00_AXI_inst/byte_index__30'
INFO: [Synth 8-3886] merging instance 'inst/timers_ip_v1_0_S00_AXI_inst/byte_index__9' (LD) to 'inst/timers_ip_v1_0_S00_AXI_inst/byte_index__30'
INFO: [Synth 8-3886] merging instance 'inst/timers_ip_v1_0_S00_AXI_inst/byte_index__10' (LD) to 'inst/timers_ip_v1_0_S00_AXI_inst/byte_index__30'
INFO: [Synth 8-3886] merging instance 'inst/timers_ip_v1_0_S00_AXI_inst/byte_index__11' (LD) to 'inst/timers_ip_v1_0_S00_AXI_inst/byte_index__30'
INFO: [Synth 8-3886] merging instance 'inst/timers_ip_v1_0_S00_AXI_inst/byte_index__12' (LD) to 'inst/timers_ip_v1_0_S00_AXI_inst/byte_index__30'
INFO: [Synth 8-3886] merging instance 'inst/timers_ip_v1_0_S00_AXI_inst/byte_index__13' (LD) to 'inst/timers_ip_v1_0_S00_AXI_inst/byte_index__30'
INFO: [Synth 8-3886] merging instance 'inst/timers_ip_v1_0_S00_AXI_inst/byte_index__14' (LD) to 'inst/timers_ip_v1_0_S00_AXI_inst/byte_index__30'
INFO: [Synth 8-3886] merging instance 'inst/timers_ip_v1_0_S00_AXI_inst/byte_index__15' (LD) to 'inst/timers_ip_v1_0_S00_AXI_inst/byte_index__30'
INFO: [Synth 8-3886] merging instance 'inst/timers_ip_v1_0_S00_AXI_inst/byte_index__16' (LD) to 'inst/timers_ip_v1_0_S00_AXI_inst/byte_index__30'
INFO: [Synth 8-3886] merging instance 'inst/timers_ip_v1_0_S00_AXI_inst/byte_index__17' (LD) to 'inst/timers_ip_v1_0_S00_AXI_inst/byte_index__30'
INFO: [Synth 8-3886] merging instance 'inst/timers_ip_v1_0_S00_AXI_inst/byte_index__18' (LD) to 'inst/timers_ip_v1_0_S00_AXI_inst/byte_index__30'
INFO: [Synth 8-3886] merging instance 'inst/timers_ip_v1_0_S00_AXI_inst/byte_index__19' (LD) to 'inst/timers_ip_v1_0_S00_AXI_inst/byte_index__30'
INFO: [Synth 8-3886] merging instance 'inst/timers_ip_v1_0_S00_AXI_inst/byte_index__20' (LD) to 'inst/timers_ip_v1_0_S00_AXI_inst/byte_index__30'
INFO: [Synth 8-3886] merging instance 'inst/timers_ip_v1_0_S00_AXI_inst/byte_index__21' (LD) to 'inst/timers_ip_v1_0_S00_AXI_inst/byte_index__30'
INFO: [Synth 8-3886] merging instance 'inst/timers_ip_v1_0_S00_AXI_inst/byte_index__22' (LD) to 'inst/timers_ip_v1_0_S00_AXI_inst/byte_index__30'
INFO: [Synth 8-3886] merging instance 'inst/timers_ip_v1_0_S00_AXI_inst/byte_index__23' (LD) to 'inst/timers_ip_v1_0_S00_AXI_inst/byte_index__30'
INFO: [Synth 8-3886] merging instance 'inst/timers_ip_v1_0_S00_AXI_inst/byte_index__24' (LD) to 'inst/timers_ip_v1_0_S00_AXI_inst/byte_index__30'
INFO: [Synth 8-3886] merging instance 'inst/timers_ip_v1_0_S00_AXI_inst/byte_index__25' (LD) to 'inst/timers_ip_v1_0_S00_AXI_inst/byte_index__30'
INFO: [Synth 8-3886] merging instance 'inst/timers_ip_v1_0_S00_AXI_inst/byte_index__26' (LD) to 'inst/timers_ip_v1_0_S00_AXI_inst/byte_index__30'
INFO: [Synth 8-3886] merging instance 'inst/timers_ip_v1_0_S00_AXI_inst/byte_index__27' (LD) to 'inst/timers_ip_v1_0_S00_AXI_inst/byte_index__30'
INFO: [Synth 8-3886] merging instance 'inst/timers_ip_v1_0_S00_AXI_inst/byte_index__30' (LD) to 'inst/timers_ip_v1_0_S00_AXI_inst/byte_index__29'
INFO: [Synth 8-3333] propagating constant 0 across sequential element (\inst/timers_ip_v1_0_S00_AXI_inst/byte_index__29 )
INFO: [Synth 8-3886] merging instance 'inst/timers_ip_v1_0_S00_AXI_inst/axi_rresp_reg[0]' (FDRE) to 'inst/timers_ip_v1_0_S00_AXI_inst/axi_rresp_reg[1]'
INFO: [Synth 8-3333] propagating constant 0 across sequential element (\inst/timers_ip_v1_0_S00_AXI_inst/axi_rresp_reg[1] )
INFO: [Synth 8-3886] merging instance 'inst/timers_ip_v1_0_S00_AXI_inst/axi_bresp_reg[0]' (FDRE) to 'inst/timers_ip_v1_0_S00_AXI_inst/axi_bresp_reg[1]'
INFO: [Synth 8-3333] propagating constant 0 across sequential element (\inst/timers_ip_v1_0_S00_AXI_inst/axi_bresp_reg[1] )
INFO: [Synth 8-3332] Sequential element (inst/timers_ip_v1_0_S00_AXI_inst/byte_index__28) is unused and will be removed from module design_rtos_timers_ip_0_0.
INFO: [Synth 8-3332] Sequential element (inst/timers_ip_v1_0_S00_AXI_inst/byte_index__29) is unused and will be removed from module design_rtos_timers_ip_0_0.
INFO: [Synth 8-3332] Sequential element (inst/timers_ip_v1_0_S00_AXI_inst/axi_awaddr_reg[1]) is unused and will be removed from module design_rtos_timers_ip_0_0.
INFO: [Synth 8-3332] Sequential element (inst/timers_ip_v1_0_S00_AXI_inst/axi_awaddr_reg[0]) is unused and will be removed from module design_rtos_timers_ip_0_0.
INFO: [Synth 8-3332] Sequential element (inst/timers_ip_v1_0_S00_AXI_inst/axi_bresp_reg[1]) is unused and will be removed from module design_rtos_timers_ip_0_0.
INFO: [Synth 8-3332] Sequential element (inst/timers_ip_v1_0_S00_AXI_inst/axi_araddr_reg[1]) is unused and will be removed from module design_rtos_timers_ip_0_0.
INFO: [Synth 8-3332] Sequential element (inst/timers_ip_v1_0_S00_AXI_inst/axi_araddr_reg[0]) is unused and will be removed from module design_rtos_timers_ip_0_0.
INFO: [Synth 8-3332] Sequential element (inst/timers_ip_v1_0_S00_AXI_inst/axi_rresp_reg[1]) is unused and will be removed from module design_rtos_timers_ip_0_0.
---------------------------------------------------------------------------------
Finished Cross Boundary and Area Optimization : Time (s): cpu = 00:00:35 ; elapsed = 00:00:45 . Memory (MB): peak = 785.531 ; gain = 517.457
---------------------------------------------------------------------------------
---------------------------------------------------------------------------------
Start ROM, RAM, DSP and Shift Register Reporting
---------------------------------------------------------------------------------

Distributed RAM: Preliminary Mapping  Report (see note below)
+----------------------------------------+-----------------------------------------------------------+----------------+----------------------+-------------------+
|Module Name                             | RTL Object                                                | Inference      | Size (Depth x Width) | Primitives        | 
+----------------------------------------+-----------------------------------------------------------+----------------+----------------------+-------------------+
|\inst/timers_module_inst/timerslist /U0 | synth_options.dist_mem_inst/gen_dp_ram.dpram_inst/ram_reg | User Attribute | 256 x 48             | RAM128X1D x 96    | 
|\inst/timers_module_inst/infolist /U0   | synth_options.dist_mem_inst/gen_dp_ram.dpram_inst/ram_reg | User Attribute | 256 x 64             | RAM128X1D x 128   | 
+----------------------------------------+-----------------------------------------------------------+----------------+----------------------+-------------------+

Note: The table above is a preliminary report that shows the Distributed RAMs at the current stage of the synthesis flow. Some Distributed RAMs may be reimplemented as non Distributed RAM primitives later in the synthesis flow. Multiple instantiated RAMs are reported only once.
---------------------------------------------------------------------------------
Finished ROM, RAM, DSP and Shift Register Reporting
---------------------------------------------------------------------------------

Report RTL Partitions: 
+-+--------------+------------+----------+
| |RTL Partition |Replication |Instances |
+-+--------------+------------+----------+
+-+--------------+------------+----------+
---------------------------------------------------------------------------------
Start Applying XDC Timing Constraints
---------------------------------------------------------------------------------
---------------------------------------------------------------------------------
Finished Applying XDC Timing Constraints : Time (s): cpu = 00:00:52 ; elapsed = 00:01:05 . Memory (MB): peak = 785.531 ; gain = 517.457
---------------------------------------------------------------------------------
---------------------------------------------------------------------------------
Start Timing Optimization
---------------------------------------------------------------------------------
---------------------------------------------------------------------------------
Finished Timing Optimization : Time (s): cpu = 00:00:52 ; elapsed = 00:01:06 . Memory (MB): peak = 785.531 ; gain = 517.457
---------------------------------------------------------------------------------
---------------------------------------------------------------------------------
Start ROM, RAM, DSP and Shift Register Reporting
---------------------------------------------------------------------------------

Distributed RAM: Final Mapping  Report
+----------------------------------------+-----------------------------------------------------------+----------------+----------------------+-------------------+
|Module Name                             | RTL Object                                                | Inference      | Size (Depth x Width) | Primitives        | 
+----------------------------------------+-----------------------------------------------------------+----------------+----------------------+-------------------+
|\inst/timers_module_inst/timerslist /U0 | synth_options.dist_mem_inst/gen_dp_ram.dpram_inst/ram_reg | User Attribute | 256 x 48             | RAM128X1D x 96    | 
|\inst/timers_module_inst/infolist /U0   | synth_options.dist_mem_inst/gen_dp_ram.dpram_inst/ram_reg | User Attribute | 256 x 64             | RAM128X1D x 128   | 
+----------------------------------------+-----------------------------------------------------------+----------------+----------------------+-------------------+

---------------------------------------------------------------------------------
Finished ROM, RAM, DSP and Shift Register Reporting
---------------------------------------------------------------------------------

Report RTL Partitions: 
+-+--------------+------------+----------+
| |RTL Partition |Replication |Instances |
+-+--------------+------------+----------+
+-+--------------+------------+----------+
---------------------------------------------------------------------------------
Start Technology Mapping
---------------------------------------------------------------------------------
---------------------------------------------------------------------------------
Finished Technology Mapping : Time (s): cpu = 00:00:53 ; elapsed = 00:01:07 . Memory (MB): peak = 811.453 ; gain = 543.379
---------------------------------------------------------------------------------

Report RTL Partitions: 
+-+--------------+------------+----------+
| |RTL Partition |Replication |Instances |
+-+--------------+------------+----------+
+-+--------------+------------+----------+
---------------------------------------------------------------------------------
Start IO Insertion
---------------------------------------------------------------------------------
---------------------------------------------------------------------------------
Start Flattening Before IO Insertion
---------------------------------------------------------------------------------
---------------------------------------------------------------------------------
Finished Flattening Before IO Insertion
---------------------------------------------------------------------------------
---------------------------------------------------------------------------------
Start Final Netlist Cleanup
---------------------------------------------------------------------------------
---------------------------------------------------------------------------------
Finished Final Netlist Cleanup
---------------------------------------------------------------------------------
---------------------------------------------------------------------------------
Finished IO Insertion : Time (s): cpu = 00:00:55 ; elapsed = 00:01:10 . Memory (MB): peak = 811.453 ; gain = 543.379
---------------------------------------------------------------------------------

Report Check Netlist: 
+------+------------------+-------+---------+-------+------------------+
|      |Item              |Errors |Warnings |Status |Description       |
+------+------------------+-------+---------+-------+------------------+
|1     |multi_driven_nets |      0|        0|Passed |Multi driven nets |
+------+------------------+-------+---------+-------+------------------+
---------------------------------------------------------------------------------
Start Renaming Generated Instances
---------------------------------------------------------------------------------
---------------------------------------------------------------------------------
Finished Renaming Generated Instances : Time (s): cpu = 00:00:55 ; elapsed = 00:01:10 . Memory (MB): peak = 811.453 ; gain = 543.379
---------------------------------------------------------------------------------

Report RTL Partitions: 
+-+--------------+------------+----------+
| |RTL Partition |Replication |Instances |
+-+--------------+------------+----------+
+-+--------------+------------+----------+
---------------------------------------------------------------------------------
Start Rebuilding User Hierarchy
---------------------------------------------------------------------------------
---------------------------------------------------------------------------------
Finished Rebuilding User Hierarchy : Time (s): cpu = 00:00:56 ; elapsed = 00:01:10 . Memory (MB): peak = 811.453 ; gain = 543.379
---------------------------------------------------------------------------------
---------------------------------------------------------------------------------
Start Renaming Generated Ports
---------------------------------------------------------------------------------
---------------------------------------------------------------------------------
Finished Renaming Generated Ports : Time (s): cpu = 00:00:56 ; elapsed = 00:01:10 . Memory (MB): peak = 811.453 ; gain = 543.379
---------------------------------------------------------------------------------
---------------------------------------------------------------------------------
Start Handling Custom Attributes
---------------------------------------------------------------------------------
---------------------------------------------------------------------------------
Finished Handling Custom Attributes : Time (s): cpu = 00:00:56 ; elapsed = 00:01:10 . Memory (MB): peak = 811.453 ; gain = 543.379
---------------------------------------------------------------------------------
---------------------------------------------------------------------------------
Start Renaming Generated Nets
---------------------------------------------------------------------------------
---------------------------------------------------------------------------------
Finished Renaming Generated Nets : Time (s): cpu = 00:00:56 ; elapsed = 00:01:10 . Memory (MB): peak = 811.453 ; gain = 543.379
---------------------------------------------------------------------------------
---------------------------------------------------------------------------------
Start Writing Synthesis Report
---------------------------------------------------------------------------------

Report BlackBoxes: 
+-+--------------+----------+
| |BlackBox name |Instances |
+-+--------------+----------+
+-+--------------+----------+

Report Cell Usage: 
+------+----------+------+
|      |Cell      |Count |
+------+----------+------+
|1     |CARRY4    |    27|
|2     |LUT1      |     2|
|3     |LUT2      |    55|
|4     |LUT3      |   314|
|5     |LUT4      |   509|
|6     |LUT5      |    48|
|7     |LUT6      |   200|
|8     |MUXF7     |    34|
|9     |MUXF8     |    17|
|10    |RAM128X1D |   224|
|11    |FDRE      |   764|
|12    |FDSE      |     3|
+------+----------+------+

Report Instance Areas: 
+------+----------------------------------------+-------------------------------------------+------+
|      |Instance                                |Module                                     |Cells |
+------+----------------------------------------+-------------------------------------------+------+
|1     |top                                     |                                           |  2197|
|2     |  inst                                  |timers_ip_v1_0                             |  2197|
|3     |    timers_ip_v1_0_S00_AXI_inst         |timers_ip_v1_0_S00_AXI                     |   251|
|4     |    timers_module_inst                  |timers_module                              |  1946|
|5     |      timerslist                        |mem_timers                                 |   290|
|6     |        U0                              |dist_mem_gen_v8_0_12                       |   290|
|7     |          \synth_options.dist_mem_inst  |dist_mem_gen_v8_0_12_synth                 |   290|
|8     |            \gen_dp_ram.dpram_inst      |dpram                                      |   290|
|9     |      infolist                          |mem_info                                   |   388|
|10    |        U0                              |dist_mem_gen_v8_0_12__parameterized1       |   388|
|11    |          \synth_options.dist_mem_inst  |dist_mem_gen_v8_0_12_synth__parameterized0 |   388|
|12    |            \gen_dp_ram.dpram_inst      |dpram__parameterized1                      |   388|
+------+----------------------------------------+-------------------------------------------+------+
---------------------------------------------------------------------------------
Finished Writing Synthesis Report : Time (s): cpu = 00:00:56 ; elapsed = 00:01:10 . Memory (MB): peak = 811.453 ; gain = 543.379
---------------------------------------------------------------------------------
Synthesis finished with 0 errors, 0 critical warnings and 247 warnings.
Synthesis Optimization Runtime : Time (s): cpu = 00:00:34 ; elapsed = 00:00:54 . Memory (MB): peak = 811.453 ; gain = 182.871
Synthesis Optimization Complete : Time (s): cpu = 00:00:56 ; elapsed = 00:01:11 . Memory (MB): peak = 811.453 ; gain = 543.379
INFO: [Project 1-571] Translating synthesized netlist
INFO: [Netlist 29-17] Analyzing 302 Unisim elements for replacement
INFO: [Netlist 29-28] Unisim Transformation completed in 0 CPU seconds
INFO: [Project 1-570] Preparing netlist for logic optimization
INFO: [Opt 31-138] Pushed 0 inverter(s) to 0 load pin(s).
INFO: [Project 1-111] Unisim Transformation Summary:
  A total of 224 instances were transformed.
  RAM128X1D => RAM128X1D (RAMD64E, RAMD64E, MUXF7, MUXF7, RAMD64E, RAMD64E): 224 instances

INFO: [Common 17-83] Releasing license: Synthesis
92 Infos, 101 Warnings, 0 Critical Warnings and 0 Errors encountered.
synth_design completed successfully
synth_design: Time (s): cpu = 00:01:00 ; elapsed = 00:01:16 . Memory (MB): peak = 811.453 ; gain = 549.898
WARNING: [Constraints 18-5210] No constraint will be written out.
INFO: [Common 17-1381] The checkpoint 'C:/Users/sergiopereira/Vivado_projects/RTOS_codesign/projects/project_rtos/project_rtos.runs/design_rtos_timers_ip_0_0_synth_1/design_rtos_timers_ip_0_0.dcp' has been generated.
