#-----------------------------------------------------------
# Webtalk v2018.2 (64-bit)
# SW Build 2258646 on Thu Jun 14 20:03:12 MDT 2018
# 
# Start of session at: Mon Jul  9 22:57:40 2018
# Process ID: 8340
# Current directory: C:/Users/sergiopereira/Vivado_projects/RTOS_codesign/projects/project_rtos/project_rtos.sdk/webtalk
# Command line: wbtcv.exe -mode batch -source sdk_webtalk.tcl
# Log file: C:/Users/sergiopereira/Vivado_projects/RTOS_codesign/projects/project_rtos/project_rtos.sdk/webtalk/webtalk.log
# Journal file: C:/Users/sergiopereira/Vivado_projects/RTOS_codesign/projects/project_rtos/project_rtos.sdk/webtalk\webtalk.jou
#-----------------------------------------------------------
source sdk_webtalk.tcl
# webtalk_init -webtalk_dir C:\\Users\\sergiopereira\\Vivado_projects\\RTOS_codesign\\projects\\project_rtos\\project_rtos.sdk\\webtalk
# webtalk_register_client -client project
# webtalk_add_data -client project -key date_generated -value "2018-07-09 22:57:39" -context "software_version_and_target_device"
# webtalk_add_data -client project -key product_version -value "SDK v2018.2" -context "software_version_and_target_device"
# webtalk_add_data -client project -key build_version -value "2018.2" -context "software_version_and_target_device"
# webtalk_add_data -client project -key os_platform -value "amd64" -context "software_version_and_target_device"
# webtalk_add_data -client project -key registration_id -value "211311721_0_0_063" -context "software_version_and_target_device"
# webtalk_add_data -client project -key tool_flow -value "SDK" -context "software_version_and_target_device"
# webtalk_add_data -client project -key beta -value "false" -context "software_version_and_target_device"
# webtalk_add_data -client project -key route_design -value "NA" -context "software_version_and_target_device"
# webtalk_add_data -client project -key target_family -value "NA" -context "software_version_and_target_device"
# webtalk_add_data -client project -key target_device -value "NA" -context "software_version_and_target_device"
# webtalk_add_data -client project -key target_package -value "NA" -context "software_version_and_target_device"
# webtalk_add_data -client project -key target_speed -value "NA" -context "software_version_and_target_device"
# webtalk_add_data -client project -key random_id -value "pj4s0ucfeu5aco7ea74qj3j1up" -context "software_version_and_target_device"
# webtalk_add_data -client project -key project_id -value "2018.2_3" -context "software_version_and_target_device"
# webtalk_add_data -client project -key project_iteration -value "3" -context "software_version_and_target_device"
# webtalk_add_data -client project -key os_name -value "Microsoft Windows 8 or later , 64-bit" -context "user_environment"
# webtalk_add_data -client project -key os_release -value "major release  (build 9200)" -context "user_environment"
# webtalk_add_data -client project -key cpu_name -value "Intel(R) Core(TM) i7-7500U CPU @ 2.70GHz" -context "user_environment"
# webtalk_add_data -client project -key cpu_speed -value "2904 MHz" -context "user_environment"
# webtalk_add_data -client project -key total_processors -value "1" -context "user_environment"
# webtalk_add_data -client project -key system_ram -value "17.055 GB" -context "user_environment"
# webtalk_register_client -client sdk
# webtalk_add_data -client sdk -key uid -value "1531166269970" -context "sdk\\\\hardware/1531166269970"
# webtalk_add_data -client sdk -key isZynq -value "true" -context "sdk\\\\hardware/1531166269970"
# webtalk_add_data -client sdk -key isZynqMP -value "false" -context "sdk\\\\hardware/1531166269970"
# webtalk_add_data -client sdk -key Processors -value "2" -context "sdk\\\\hardware/1531166269970"
# webtalk_add_data -client sdk -key VivadoVersion -value "2018.2" -context "sdk\\\\hardware/1531166269970"
# webtalk_add_data -client sdk -key Arch -value "zynq" -context "sdk\\\\hardware/1531166269970"
# webtalk_add_data -client sdk -key Device -value "7z020" -context "sdk\\\\hardware/1531166269970"
# webtalk_add_data -client sdk -key IsHandoff -value "true" -context "sdk\\\\hardware/1531166269970"
# webtalk_add_data -client sdk -key os -value "NA" -context "sdk\\\\hardware/1531166269970"
# webtalk_add_data -client sdk -key apptemplate -value "NA" -context "sdk\\\\hardware/1531166269970"
# webtalk_add_data -client sdk -key RecordType -value "HWCreation" -context "sdk\\\\hardware/1531166269970"
# webtalk_add_data -client sdk -key uid -value "1531167223188" -context "sdk\\\\bsp/1531167223188"
# webtalk_add_data -client sdk -key hwid -value "1531166269970" -context "sdk\\\\bsp/1531167223188"
# webtalk_add_data -client sdk -key os -value "standalone" -context "sdk\\\\bsp/1531167223188"
# webtalk_add_data -client sdk -key apptemplate -value "null" -context "sdk\\\\bsp/1531167223188"
# webtalk_add_data -client sdk -key RecordType -value "BSPCreation" -context "sdk\\\\bsp/1531167223188"
# webtalk_add_data -client sdk -key uid -value "1531173211547" -context "sdk\\\\bsp/1531173211547"
# webtalk_add_data -client sdk -key hwid -value "1531166269970" -context "sdk\\\\bsp/1531173211547"
# webtalk_add_data -client sdk -key os -value "standalone" -context "sdk\\\\bsp/1531173211547"
# webtalk_add_data -client sdk -key apptemplate -value "null" -context "sdk\\\\bsp/1531173211547"
# webtalk_add_data -client sdk -key RecordType -value "BSPCreation" -context "sdk\\\\bsp/1531173211547"
# webtalk_add_data -client sdk -key uid -value "NA" -context "sdk\\\\bsp/1531173459271"
# webtalk_add_data -client sdk -key RecordType -value "ToolUsage" -context "sdk\\\\bsp/1531173459271"
# webtalk_add_data -client sdk -key BootgenCount -value "0" -context "sdk\\\\bsp/1531173459271"
# webtalk_add_data -client sdk -key DebugCount -value "11" -context "sdk\\\\bsp/1531173459271"
# webtalk_add_data -client sdk -key PerfCount -value "0" -context "sdk\\\\bsp/1531173459271"
# webtalk_add_data -client sdk -key FlashCount -value "0" -context "sdk\\\\bsp/1531173459271"
# webtalk_add_data -client sdk -key CrossTriggCount -value "0" -context "sdk\\\\bsp/1531173459271"
# webtalk_add_data -client sdk -key QemuDebugCount -value "0" -context "sdk\\\\bsp/1531173459271"
# webtalk_transmit -clientid 3217594982 -regid "211311721_0_0_063" -xml C:\\Users\\sergiopereira\\Vivado_projects\\RTOS_codesign\\projects\\project_rtos\\project_rtos.sdk\\webtalk\\usage_statistics_ext_sdk.xml -html C:\\Users\\sergiopereira\\Vivado_projects\\RTOS_codesign\\projects\\project_rtos\\project_rtos.sdk\\webtalk\\usage_statistics_ext_sdk.html -wdm C:\\Users\\sergiopereira\\Vivado_projects\\RTOS_codesign\\projects\\project_rtos\\project_rtos.sdk\\webtalk\\sdk_webtalk.wdm -intro "<H3>SDK Usage Report</H3><BR>"
INFO: [Common 17-186] 'C:\Users\sergiopereira\Vivado_projects\RTOS_codesign\projects\project_rtos\project_rtos.sdk\webtalk\usage_statistics_ext_sdk.xml' has been successfully sent to Xilinx on Mon Jul  9 22:57:45 2018. For additional details about this file, please refer to the WebTalk help file at C:/Xilinx/SDK/2018.2/doc/webtalk_introduction.html.
# webtalk_terminate
INFO: [Common 17-206] Exiting Webtalk at Mon Jul  9 22:57:45 2018...
